<?xml version="1.0" encoding="UTF-8"?>
<!-- Generated by org.testng.reporters.JUnitReportReporter -->
<testsuite hostname="Admins-MacBook-Pro.local" failures="0" tests="1" name="Tests.Login_Test" time="48.711" errors="0" timestamp="2023-04-07T18:17:21 IST" skipped="0">
  <testcase classname="Tests.Login_Test" name="Login_And_LogOut" time="48.711"/>
  <system-out>
    <![CDATA[Url Launched.<br>
Clicked On Sign In Button<br>
Window 1 is :- CDwindow-AD27F126982388599B73A796BE4B31DE<br>
window is now switching<br>
Window 2 is :- CDwindow-AD27F126982388599B73A796BE4B31DE<br>
Window 2 is :- CDwindow-3D2F36B08ED67F584FAACD0C7E44ABBC<br>
Switched to Window 2 is :- CDwindow-3D2F36B08ED67F584FAACD0C7E44ABBC<br>
Clicked On Continue with Facebook Button<br>
Entered Email : qa1.scenario@gmail.com<br>
Entered Password : Test@123<br>
Clicked On Login Button<br>
Clicked On Like Button<br>
Clicked On Dis-Like Button<br>
Clicked On Profile Button<br>
Clicked On Logout<br>
Clicked On Logout Button<br>
USer Logged Out<br>
PASS : Login_And_LogOut
<br>]]>
  </system-out>
</testsuite> <!-- Tests.Login_Test -->
